<?xml version="1.0" encoding="UTF-8"?>
<testng-results ignored="0" total="1" passed="1" failed="0" skipped="0">
  <reporter-output>
  </reporter-output>
  <suite started-at="2024-12-02T20:03:55 IST" name="Default suite" finished-at="2024-12-02T20:04:10 IST" duration-ms="15236">
    <groups>
    </groups>
    <test started-at="2024-12-02T20:03:55 IST" name="Default test" finished-at="2024-12-02T20:04:10 IST" duration-ms="15236">
      <class name="testCases.EbayRegisterTest">
        <test-method is-config="true" signature="setUP()[pri:0, instance:testCases.EbayRegisterTest@18271936]" started-at="2024-12-02T20:03:55 IST" name="setUP" finished-at="2024-12-02T20:04:04 IST" duration-ms="8988" status="PASS">
          <reporter-output>
          </reporter-output>
        </test-method> <!-- setUP -->
        <test-method signature="testRegister()[pri:0, instance:testCases.EbayRegisterTest@18271936]" started-at="2024-12-02T20:04:04 IST" name="testRegister" finished-at="2024-12-02T20:04:10 IST" duration-ms="6156" status="PASS">
          <reporter-output>
          </reporter-output>
        </test-method> <!-- testRegister -->
      </class> <!-- testCases.EbayRegisterTest -->
    </test> <!-- Default test -->
  </suite> <!-- Default suite -->
</testng-results>
